<?xml version="1.0" encoding="utf-8"?><testsuites name="pytest tests"><testsuite name="pytest" errors="0" failures="0" skipped="0" tests="6" time="25.453" timestamp="2026-07-01T19:51:26.625721+00:00" hostname="agent-env-e03e4a20-872d-42da-b573-8daefd07e08f"><testcase classname="tests.test_monetization" name="test_public_config_shape" time="0.390" /><testcase classname="tests.test_monetization" name="test_wallet_endpoint" time="0.473" /><testcase classname="tests.test_monetization" name="test_estimate_short_returns_quick" time="0.088" /><testcase classname="tests.test_monetization" name="test_estimate_complex_returns_complex" time="0.086" /><testcase classname="tests.test_monetization" name="test_admin_get_and_put_config" time="0.432" /><testcase classname="tests.test_monetization" name="test_chat_pricing_lifecycle" time="23.365" /></testsuite></testsuites>